<?xml version="1.0" encoding="UTF-8"?>
<!-- Generated by org.testng.reporters.JUnitReportReporter -->
<testsuite hostname="DESKTOP-EVK9GMC" failures="0" tests="1" name="testNG.Tc2" time="7.940" errors="0" timestamp="2021-01-21T21:58:01 IST" skipped="0">
  <testcase classname="testNG.Tc2" name="login" time="7.940"/>
</testsuite> <!-- testNG.Tc2 -->
