<?xml version="1.0" encoding="UTF-8"?>
<!-- Generated by org.testng.reporters.JUnitReportReporter -->
<testsuite hostname="DESKTOP-EVK9GMC" failures="0" tests="1" name="testNG.Test3" time="15.677" errors="0" timestamp="2021-01-21T21:43:14 IST" skipped="0">
  <testcase classname="testNG.Test3" name="login" time="15.677"/>
</testsuite> <!-- testNG.Test3 -->
