<?xml version="1.0" encoding="UTF-8"?>
<!-- Generated by org.testng.reporters.JUnitReportReporter -->
<testsuite hostname="DESKTOP-EVK9GMC" failures="0" tests="1" name="testNG.Test0" time="0.033" errors="0" timestamp="2021-01-21T21:55:05 IST" skipped="0">
  <testcase classname="testNG.Test0" name="demo" time="0.033"/>
</testsuite> <!-- testNG.Test0 -->
