<?xml version="1.0" encoding="UTF-8"?>
<!-- Generated by org.testng.reporters.JUnitReportReporter -->
<testsuite hostname="DESKTOP-EVK9GMC" failures="0" tests="1" name="testNG.Tc1" time="8.998" errors="0" timestamp="2021-01-21T22:01:23 IST" skipped="0">
  <testcase classname="testNG.Tc1" name="login" time="8.998"/>
</testsuite> <!-- testNG.Tc1 -->
