<?xml version="1.0" encoding="UTF-8"?>
<!-- Generated by org.testng.reporters.JUnitReportReporter -->
<testsuite hostname="DESKTOP-EVK9GMC" failures="0" tests="5" name="testNG.Test2" time="0.066" errors="0" timestamp="2021-01-21T21:30:40 IST" skipped="1">
  <testcase classname="testNG.Test2" name="block" time="0.016"/>
  <testcase classname="testNG.Test2" name="block" time="0.008"/>
  <testcase classname="testNG.Test2" name="block" time="0.036"/>
  <testcase classname="testNG.Test2" name="calls" time="0.006"/>
  <testcase classname="testNG.Test2" name="chats">
    <skipped/>
  </testcase> <!-- chats -->
</testsuite> <!-- testNG.Test2 -->
