<?xml version="1.0" encoding="UTF-8"?>
<!-- Generated by org.testng.reporters.JUnitReportReporter -->
<testsuite hostname="DESKTOP-EVK9GMC" failures="0" tests="1" name="testNG.Tc3" time="13.221" errors="0" timestamp="2021-01-21T21:58:01 IST" skipped="0">
  <testcase classname="testNG.Tc3" name="login" time="13.221"/>
</testsuite> <!-- testNG.Tc3 -->
