<?xml version="1.0" encoding="UTF-8"?>
<!-- Generated by org.testng.reporters.JUnitReportReporter -->
<testsuite hostname="DESKTOP-EVK9GMC" failures="0" tests="3" name="testNG.Test1" time="0.033" errors="0" timestamp="2021-01-21T21:24:49 IST" skipped="0">
  <testcase classname="testNG.Test1" name="block" time="0.023"/>
  <testcase classname="testNG.Test1" name="calls" time="0.007"/>
  <testcase classname="testNG.Test1" name="chats" time="0.003"/>
</testsuite> <!-- testNG.Test1 -->
